2017-12-19 13:14:31 INFO  Baseclass:56 - Launched the application
2017-12-20 22:35:03 INFO  Baseclass:56 - Launched the application
2017-12-26 19:14:45 INFO  Baseclass:56 - Launched the application
2017-12-26 19:23:34 INFO  Baseclass:56 - Launched the application
2017-12-26 22:01:32 INFO  Baseclass:56 - Launched the application
2017-12-26 22:25:01 INFO  Baseclass:56 - Launched the application
2017-12-27 11:05:58 INFO  Baseclass:56 - Launched the application
2017-12-27 11:19:53 INFO  Baseclass:56 - Launched the application
2017-12-27 11:30:00 INFO  Baseclass:56 - Launched the application
2017-12-27 11:39:38 INFO  Baseclass:56 - Launched the application
2017-12-27 11:39:41 INFO  Baseclass:64 - Signedin with valid username
2017-12-27 11:39:41 INFO  Baseclass:73 - Created new account
2017-12-27 11:46:21 INFO  Baseclass:56 - Launched the application
2017-12-27 11:46:24 INFO  Baseclass:64 - Signedin with valid username
2017-12-27 11:46:25 INFO  Baseclass:73 - Created new account
2017-12-27 11:48:05 INFO  Baseclass:56 - Launched the application
2017-12-27 11:48:08 INFO  Baseclass:64 - Signedin with valid username
2017-12-27 11:48:09 INFO  Baseclass:73 - Created new account
2017-12-27 12:47:17 INFO  Baseclass:56 - Launched the application
2017-12-27 12:47:22 INFO  Baseclass:64 - Signedin with valid username
2017-12-27 12:47:22 INFO  Baseclass:73 - Created new account
2017-12-27 13:08:12 INFO  Baseclass:56 - Launched the application
2017-12-27 13:08:15 INFO  Baseclass:64 - Signedin with valid username
2017-12-27 13:11:30 INFO  Baseclass:57 - Launched the application
2017-12-27 13:11:33 INFO  Baseclass:65 - Signedin with valid username
2017-12-27 13:15:19 INFO  Baseclass:57 - Launched the application
2017-12-27 13:15:22 INFO  Baseclass:65 - Signedin with valid username
2017-12-27 13:19:23 INFO  Baseclass:57 - Launched the application
2017-12-27 13:19:27 INFO  Baseclass:65 - Signedin with valid username
2017-12-27 13:19:28 INFO  Baseclass:76 - Created new account
2017-12-27 13:23:12 INFO  Baseclass:57 - Launched the application
2017-12-27 13:23:15 INFO  Baseclass:65 - Signedin with valid username
2017-12-27 13:25:12 INFO  Baseclass:57 - Launched the application
2017-12-27 13:25:15 INFO  Baseclass:65 - Signedin with valid username
2017-12-27 13:29:06 INFO  Baseclass:57 - Launched the application
2017-12-27 13:29:12 INFO  Baseclass:65 - Signedin with valid username
2017-12-27 13:29:13 INFO  Baseclass:75 - Verified invaild email error message
2017-12-27 13:29:13 INFO  Baseclass:77 - Created new account
2017-12-27 13:30:58 INFO  Baseclass:57 - Launched the application
2017-12-27 13:31:01 INFO  Baseclass:65 - Signedin with valid username
2017-12-27 13:31:02 INFO  Baseclass:75 - Verified invaild email error message
2017-12-27 13:31:02 INFO  Baseclass:77 - Created new account
2018-01-02 12:28:46 INFO  Baseclass:57 - Launched the application
2018-01-02 12:28:55 INFO  Baseclass:65 - Signedin with valid username
2018-01-02 12:33:58 INFO  Baseclass:57 - Launched the application
2018-01-02 12:34:04 INFO  Baseclass:65 - Signedin with valid username
2018-01-02 12:34:05 INFO  Baseclass:75 - Verified invaild email error message
2018-01-02 12:34:05 INFO  Baseclass:77 - Created new account
2018-01-02 12:50:30 INFO  Baseclass:57 - Launched the application
2018-01-02 12:50:33 INFO  Baseclass:65 - Signedin with valid username
2018-01-02 12:50:34 INFO  Baseclass:75 - Verified invaild email error message
2018-01-02 12:50:35 INFO  Baseclass:77 - Created new account
2018-01-02 12:57:29 INFO  Baseclass:57 - Launched the application
2018-01-02 12:57:34 INFO  Baseclass:65 - Signedin with valid username
2018-01-02 12:57:34 INFO  Baseclass:75 - Verified invaild email error message
2018-01-02 12:57:35 INFO  Baseclass:77 - Created new account
2018-01-02 13:00:54 INFO  Baseclass:57 - Launched the application
2018-01-02 13:00:59 INFO  Baseclass:65 - Signedin with valid username
2018-01-02 13:01:00 INFO  Baseclass:75 - Verified invaild email error message
2018-01-02 13:01:00 INFO  Baseclass:77 - Created new account
2018-01-02 13:12:51 INFO  Baseclass:57 - Launched the application
2018-01-02 13:12:55 INFO  Baseclass:65 - Signedin with valid username
2018-01-02 13:12:56 INFO  Baseclass:75 - Verified invaild email error message
2018-01-02 13:12:56 INFO  Baseclass:77 - Created new account
2018-01-02 13:14:53 INFO  Baseclass:57 - Launched the application
2018-01-02 13:14:59 INFO  Baseclass:65 - Signedin with valid username
2018-01-02 13:14:59 INFO  Baseclass:75 - Verified invaild email error message
2018-01-02 13:15:00 INFO  Baseclass:77 - Created new account
2018-01-02 13:17:34 INFO  Baseclass:57 - Launched the application
2018-01-02 13:17:38 INFO  Baseclass:65 - Signedin with valid username
2018-01-02 13:17:39 INFO  Baseclass:75 - Verified invaild email error message
2018-01-02 13:17:39 INFO  Baseclass:77 - Created new account
2018-01-02 13:27:29 INFO  Baseclass:57 - Launched the application
2018-01-02 13:27:33 INFO  Baseclass:65 - Signedin with valid username
2018-01-02 13:27:33 INFO  Baseclass:75 - Verified invaild email error message
2018-01-02 13:27:34 INFO  Baseclass:77 - Created new account
2018-01-02 13:53:50 INFO  Baseclass:58 - Launched the application
2018-01-02 13:53:57 INFO  Baseclass:66 - Signedin with valid username
2018-01-02 13:53:57 INFO  Baseclass:76 - Verified invaild email error message
2018-01-02 13:53:58 INFO  Baseclass:78 - Created new account
2018-01-02 13:55:49 INFO  Baseclass:58 - Launched the application
2018-01-02 13:55:53 INFO  Baseclass:66 - Signedin with valid username
2018-01-02 13:55:53 INFO  Baseclass:76 - Verified invaild email error message
2018-01-02 13:55:54 INFO  Baseclass:78 - Created new account
2018-01-02 13:59:03 INFO  Baseclass:58 - Launched the application
2018-01-02 13:59:06 INFO  Baseclass:66 - Signedin with valid username
2018-01-02 13:59:06 INFO  Baseclass:76 - Verified invaild email error message
2018-01-02 13:59:07 INFO  Baseclass:78 - Created new account
2018-01-03 10:27:26 INFO  Baseclass:58 - Launched the application
2018-01-03 10:27:29 INFO  Baseclass:66 - Signedin with valid username
2018-01-03 10:27:30 INFO  Baseclass:76 - Verified invaild email error message
2018-01-03 10:27:30 INFO  Baseclass:78 - Created new account
2018-01-03 10:48:52 INFO  Baseclass:61 - Launched the application
2018-01-03 10:48:55 INFO  Baseclass:69 - Signedin with valid username
2018-01-03 10:48:56 INFO  Baseclass:79 - Verified invaild email error message
2018-01-03 10:48:56 INFO  Baseclass:81 - Created new account
2018-01-03 11:02:22 INFO  Baseclass:61 - Launched the application
2018-01-03 11:02:26 INFO  Baseclass:69 - Signedin with valid username
2018-01-03 11:02:26 INFO  Baseclass:79 - Verified invaild email error message
2018-01-03 11:02:27 INFO  Baseclass:81 - Created new account
2018-01-03 11:06:41 INFO  Baseclass:61 - Launched the application
2018-01-03 11:06:47 INFO  Baseclass:69 - Signedin with valid username
2018-01-03 11:06:48 INFO  Baseclass:79 - Verified invaild email error message
2018-01-03 11:06:48 INFO  Baseclass:81 - Created new account
2018-01-03 11:10:40 INFO  Baseclass:61 - Launched the application
2018-01-03 11:10:43 INFO  Baseclass:69 - Signedin with invalid username
2018-01-03 11:10:43 INFO  Baseclass:78 - Verified invaild email error message
2018-01-03 11:10:44 INFO  Baseclass:80 - Created new account
2018-01-03 11:12:16 INFO  Baseclass:61 - Launched the application
2018-01-03 11:12:19 INFO  Baseclass:69 - Signedin with invalid username
2018-01-03 11:12:19 INFO  Baseclass:79 - Verified invaild email error message
2018-01-03 11:12:20 INFO  Baseclass:81 - Created new account
2018-01-03 22:19:48 INFO  Baseclass:61 - Launched the application
2018-01-03 22:19:53 INFO  Baseclass:69 - Signedin with invalid username
2018-01-03 22:19:54 INFO  Baseclass:78 - Verified invaild email error message
2018-01-03 22:19:54 INFO  Baseclass:80 - Created new account
2018-01-03 23:04:09 INFO  Baseclass:64 - Launched the application
2018-01-03 23:05:00 INFO  Baseclass:64 - Launched the application
2018-01-05 11:55:43 INFO  Baseclass:64 - Launched the application
2018-01-05 12:08:02 INFO  Baseclass:64 - Launched the application
2018-01-05 12:14:27 INFO  Baseclass:64 - Launched the application
2018-01-05 13:01:21 INFO  Baseclass:64 - Launched the application
2018-01-05 13:07:11 INFO  Baseclass:64 - Launched the application
2018-01-05 13:11:11 INFO  Baseclass:64 - Launched the application
2018-01-05 13:14:08 INFO  Baseclass:64 - Launched the application
2018-01-05 13:17:27 INFO  Baseclass:64 - Launched the application
2018-01-05 13:25:13 INFO  Baseclass:64 - Launched the application
2018-01-05 13:27:39 INFO  Baseclass:64 - Launched the application
2018-01-05 13:39:26 INFO  Baseclass:64 - Launched the application
2018-01-05 13:48:42 INFO  Baseclass:64 - Launched the application
2018-01-05 13:51:22 INFO  Baseclass:64 - Launched the application
2018-01-05 14:37:18 INFO  Baseclass:64 - Launched the application
2018-01-05 14:38:55 INFO  Baseclass:64 - Launched the application
2018-01-05 14:43:12 INFO  Baseclass:64 - Launched the application
2018-01-05 14:46:11 INFO  Baseclass:64 - Launched the application
2018-01-05 14:48:17 INFO  Baseclass:64 - Launched the application
2018-01-05 14:58:04 INFO  Baseclass:64 - Launched the application
2018-01-05 14:58:55 INFO  Baseclass:64 - Launched the application
2018-01-05 15:06:05 INFO  Baseclass:64 - Launched the application
2018-01-05 15:07:29 INFO  Baseclass:64 - Launched the application
2018-01-05 15:10:39 INFO  Baseclass:64 - Launched the application
2018-01-05 15:14:24 INFO  Baseclass:64 - Launched the application
2018-01-05 15:15:43 INFO  Baseclass:64 - Launched the application
2018-01-05 15:17:13 INFO  Baseclass:64 - Launched the application
2018-01-05 16:12:30 INFO  Baseclass:64 - Launched the application
2018-01-05 16:13:56 INFO  Baseclass:64 - Launched the application
2018-01-05 16:54:18 INFO  Baseclass:64 - Launched the application
2018-01-05 23:19:27 INFO  Baseclass:64 - Launched the application
2018-01-05 23:21:02 INFO  Baseclass:64 - Launched the application
2018-01-06 20:07:51 INFO  Baseclass:64 - Launched the application
2018-01-06 20:10:43 INFO  Baseclass:64 - Launched the application
2018-01-06 20:16:05 INFO  Baseclass:64 - Launched the application
2018-01-06 20:31:23 INFO  Baseclass:64 - Launched the application
2018-01-06 20:33:12 INFO  Baseclass:64 - Launched the application
2018-01-06 20:34:31 INFO  Baseclass:64 - Launched the application
2018-01-06 20:48:41 INFO  Baseclass:64 - Launched the application
2018-01-06 20:50:02 INFO  Baseclass:64 - Launched the application
2018-01-06 20:52:26 INFO  Baseclass:64 - Launched the application
2018-01-06 21:08:16 INFO  Baseclass:64 - Launched the application
2018-01-06 21:10:29 INFO  Baseclass:64 - Launched the application
2018-01-06 21:13:08 INFO  Baseclass:64 - Launched the application
2018-01-06 21:14:41 INFO  Baseclass:64 - Launched the application
2018-01-06 21:18:39 INFO  Baseclass:64 - Launched the application
2018-01-06 21:25:01 INFO  Baseclass:64 - Launched the application
2018-01-06 21:34:39 INFO  Baseclass:64 - Launched the application
2018-01-06 21:54:24 INFO  Baseclass:64 - Launched the application
2018-01-06 22:00:56 INFO  Baseclass:64 - Launched the application
2018-01-06 22:11:24 INFO  Baseclass:64 - Launched the application
2018-01-06 22:13:10 INFO  Baseclass:64 - Launched the application
2018-01-07 10:18:34 INFO  Baseclass:64 - Launched the application
2018-01-07 11:26:01 INFO  Baseclass:64 - Launched the application
2018-01-07 11:55:07 INFO  Baseclass:64 - Launched the application
2018-01-07 12:10:45 INFO  Baseclass:64 - Launched the application
2018-01-07 12:30:35 INFO  Baseclass:64 - Launched the application
2018-01-07 12:36:02 INFO  Baseclass:64 - Launched the application
2018-01-07 12:41:37 INFO  Baseclass:64 - Launched the application
2018-01-07 12:44:38 INFO  Baseclass:64 - Launched the application
2018-01-07 13:16:14 INFO  Baseclass:64 - Launched the application
2018-01-07 13:20:17 INFO  Baseclass:64 - Launched the application
2018-01-07 13:22:08 INFO  Baseclass:64 - Launched the application
2018-01-07 13:25:08 INFO  Baseclass:64 - Launched the application
2018-01-07 14:05:14 INFO  Baseclass:64 - Launched the application
2018-01-07 15:03:17 INFO  Baseclass:73 - Launched the application
2018-01-07 15:04:57 INFO  Baseclass:73 - Launched the application
2018-01-07 15:06:31 INFO  Baseclass:73 - Launched the application
2018-01-07 16:07:38 INFO  Baseclass:74 - Launched the application
2018-01-07 16:11:59 INFO  Baseclass:74 - Launched the application
2018-01-07 16:13:13 INFO  Baseclass:74 - Launched the application
2018-01-07 16:16:10 INFO  Baseclass:74 - Launched the application
2018-01-08 13:26:54 INFO  Baseclass:72 - Launched the application
2018-01-08 13:29:38 INFO  Baseclass:72 - Launched the application
